#
# There is insufficient memory for the Java Runtime Environment to continue.
# Native memory allocation (malloc) failed to allocate 32744 bytes for ChunkPool::allocate
# Possible reasons:
#   The system is out of physical RAM or swap space
#   The process is running with CompressedOops enabled, and the Java Heap may be blocking the growth of the native heap
# Possible solutions:
#   Reduce memory load on the system
#   Increase physical memory or swap space
#   Check if swap backing store is full
#   Decrease Java heap size (-Xmx/-Xms)
#   Decrease number of Java threads
#   Decrease Java thread stack sizes (-Xss)
#   Set larger code cache with -XX:ReservedCodeCacheSize=
#   JVM is running with Unscaled Compressed Oops mode in which the Java heap is
#     placed in the first 4GB address space. The Java Heap base address is the
#     maximum limit for the native heap growth. Please use -XX:HeapBaseMinAddress
#     to set the Java Heap base and to place the Java Heap above 4GB virtual address.
# This output file may be truncated or incomplete.
#
#  Out of Memory Error (c:/cygwin64/tmp/build/source/java-11-openjdk/tmp/jdk11u/src/hotspot/share/memory/arena.cpp:81), pid=15020, tid=13316
#
# JRE version: OpenJDK Runtime Environment (11.0.6+10) (build 11.0.6+10)
# Java VM: OpenJDK 64-Bit Server VM (11.0.6+10, mixed mode, tiered, compressed oops, g1 gc, windows-amd64)
# No core dump will be written. Minidumps are not enabled by default on client versions of Windows
#

---------------  S U M M A R Y ------------

Command Line: -agentlib:jdwp=transport=dt_socket,suspend=y,address=localhost:3197 -javaagent:C:\Users\Nitesh Kavathankar\eclipse\java-2020-03\eclipse\configuration\org.eclipse.osgi\223\0\.cp\lib\javaagent-shaded.jar -Dfile.encoding=UTF-8 --module-path=C:\Users\Nitesh Kavathankar\Desktop\json-simple-1.1.1.jar Com.adressbook.MainClass

Host: Intel(R) Core(TM) i5-8300H CPU @ 2.30GHz, 8 cores, 7G,  Windows 10 , 64 bit Build 17763 (10.0.17763.1158)
Time: Fri May 22 13:42:11 2020 India Standard Time elapsed time: 3261 seconds (0d 0h 54m 21s)

---------------  T H R E A D  ---------------

Current thread (0x000001f34f81b800):  VMThread "VM Thread" [stack: 0x000000b3e6400000,0x000000b3e6500000] [id=13316] _threads_hazard_ptr=0x000001f3507f1600

Stack: [0x000000b3e6400000,0x000000b3e6500000]
[error occurred during error reporting (printing stack bounds), id 0xc0000005, EXCEPTION_ACCESS_VIOLATION (0xc0000005) at pc=0x000001f338830dad]

Native frames: (J=compiled Java code, j=interpreted, Vv=VM code, C=native code)
V  [jvm.dll+0x63aa6a]
V  [jvm.dll+0x77acae]
V  [jvm.dll+0x77c365]
V  [jvm.dll+0x77c975]
V  [jvm.dll+0x77c92b]
V  [jvm.dll+0x639e86]
V  [jvm.dll+0x63a538]
C  [ntdll.dll+0xa479f]
C  [ntdll.dll+0x4bef]
C  [ntdll.dll+0xa350e]
C  0x000001f338830dad

VM_Operation (0x000000b3e6dff5b0): GetOwnedMonitorInfo, mode: safepoint, requested by thread 0x000001f350452000


---------------  P R O C E S S  ---------------

Threads class SMR info:
_java_thread_list=0x000001f3507f1600, length=13, elements={
0x000001f32ea0d800, 0x000001f34f81c800, 0x000001f34f849000, 0x000001f34f854800,
0x000001f34f855800, 0x000001f34f858000, 0x000001f3501ba800, 0x000001f3501bf000,
0x000001f350342800, 0x000001f350452000, 0x000001f3504f9800, 0x000001f3504bc000,
0x000001f3507fb000
}

Java Threads: ( => current thread )
  0x000001f32ea0d800 JavaThread "main" [_thread_blocked, id=12328, stack(0x000000b3e5e00000,0x000000b3e5f00000)]
  0x000001f34f81c800 JavaThread "Reference Handler" daemon [_thread_blocked, id=12512, stack(0x000000b3e6500000,0x000000b3e6600000)]
  0x000001f34f849000 JavaThread "Finalizer" daemon [_thread_blocked, id=8836, stack(0x000000b3e6600000,0x000000b3e6700000)]
  0x000001f34f854800 JavaThread "Signal Dispatcher" daemon [_thread_blocked, id=1568, stack(0x000000b3e6700000,0x000000b3e6800000)]
  0x000001f34f855800 JavaThread "Attach Listener" daemon [_thread_blocked, id=4792, stack(0x000000b3e6800000,0x000000b3e6900000)]
  0x000001f34f858000 JavaThread "C2 CompilerThread0" daemon [_thread_blocked, id=13720, stack(0x000000b3e6900000,0x000000b3e6a00000)]
  0x000001f3501ba800 JavaThread "C1 CompilerThread0" daemon [_thread_blocked, id=10232, stack(0x000000b3e6a00000,0x000000b3e6b00000)]
  0x000001f3501bf000 JavaThread "Sweeper thread" daemon [_thread_blocked, id=13200, stack(0x000000b3e6b00000,0x000000b3e6c00000)]
  0x000001f350342800 JavaThread "Common-Cleaner" daemon [_thread_blocked, id=10424, stack(0x000000b3e6c00000,0x000000b3e6d00000)]
  0x000001f350452000 JavaThread "JDWP Transport Listener: dt_socket" daemon [_thread_blocked, id=9084, stack(0x000000b3e6d00000,0x000000b3e6e00000)] _threads_hazard_ptr=0x000001f3507f1600
  0x000001f3504f9800 JavaThread "JDWP Event Helper Thread" daemon [_thread_blocked, id=2136, stack(0x000000b3e6e00000,0x000000b3e6f00000)]
  0x000001f3504bc000 JavaThread "JDWP Command Reader" daemon [_thread_in_native, id=15000, stack(0x000000b3e6f00000,0x000000b3e7000000)]
  0x000001f3507fb000 JavaThread "Service Thread" daemon [_thread_blocked, id=14700, stack(0x000000b3e7000000,0x000000b3e7100000)]

Other Threads:
=>0x000001f34f81b800 VMThread "VM Thread" [stack: 0x000000b3e6400000,0x000000b3e6500000] [id=13316] _threads_hazard_ptr=0x000001f3507f1600
  0x000001f3507fc800 WatcherThread [stack: 0x000000b3e7100000,0x000000b3e7200000] [id=16268]
  0x000001f32ea25000 GCTaskThread "GC Thread#0" [stack: 0x000000b3e5f00000,0x000000b3e6000000] [id=7408]
  0x000001f35091d800 GCTaskThread "GC Thread#1" [stack: 0x000000b3e7300000,0x000000b3e7400000] [id=11976]
  0x000001f350a7e000 GCTaskThread "GC Thread#2" [stack: 0x000000b3e7400000,0x000000b3e7500000] [id=10168]
  0x000001f32ea54800 ConcurrentGCThread "G1 Main Marker" [stack: 0x000000b3e6000000,0x000000b3e6100000] [id=7268]
  0x000001f32ea57000 ConcurrentGCThread "G1 Conc#0" [stack: 0x000000b3e6100000,0x000000b3e6200000] [id=2572]
  0x000001f350d8c800 ConcurrentGCThread "G1 Conc#1" [stack: 0x000000b3e7800000,0x000000b3e7900000] [id=8624]
  0x000001f32eade000 ConcurrentGCThread "G1 Refine#0" [stack: 0x000000b3e6200000,0x000000b3e6300000] [id=10656]
  0x000001f3504cd000 ConcurrentGCThread "G1 Refine#1" [stack: 0x000000b3e7500000,0x000000b3e7600000] [id=14480]
  0x000001f35050c000 ConcurrentGCThread "G1 Refine#2" [stack: 0x000000b3e7600000,0x000000b3e7700000] [id=10972]
  0x000001f34f682800 ConcurrentGCThread "G1 Young RemSet Sampling" [stack: 0x000000b3e6300000,0x000000b3e6400000] [id=8980]

Threads with active compile tasks:

VM state:at safepoint (normal execution)

VM Mutex/Monitor currently owned by a thread:  ([mutex/lock_event])
[0x000001f32ea089f0] Threads_lock - owner thread: 0x000001f34f81b800

OutOfMemory and StackOverflow Exception counts:
StackOverflowErrors=1
LinkageErrors=1

Heap address: 0x0000000082600000, size: 2010 MB, Compressed Oops mode: 32-bit
Narrow klass base: 0x0000000000000000, Narrow klass shift: 3
Compressed class space size: 1073741824 Address: 0x0000000100000000

Heap:
 garbage-first heap   total 155648K, used 99840K [0x0000000082600000, 0x0000000100000000)
  region size 1024K, 4 young (4096K), 2 survivors (2048K)
 Metaspace       used 10302K, capacity 10474K, committed 10752K, reserved 1058816K
  class space    used 915K, capacity 974K, committed 1024K, reserved 1048576K
Heap Regions: E=young(eden), S=young(survivor), O=old, HS=humongous(starts), HC=humongous(continues), CS=collection set, F=free, A=archive, TAMS=top-at-mark-start (previous, next)
|   0|0x0000000082600000, 0x0000000082700000, 0x0000000082700000|100%| O|  |TAMS 0x0000000082700000, 0x0000000082600000| Untracked 
|   1|0x0000000082700000, 0x0000000082800000, 0x0000000082800000|100%| O|  |TAMS 0x0000000082800000, 0x0000000082700000| Untracked 
|   2|0x0000000082800000, 0x0000000082900000, 0x0000000082900000|100%| O|  |TAMS 0x0000000082900000, 0x0000000082800000| Untracked 
|   3|0x0000000082900000, 0x0000000082a00000, 0x0000000082a00000|100%| O|  |TAMS 0x0000000082a00000, 0x0000000082900000| Untracked 
|   4|0x0000000082a00000, 0x0000000082b00000, 0x0000000082b00000|100%| O|  |TAMS 0x0000000082b00000, 0x0000000082a00000| Untracked 
|   5|0x0000000082b00000, 0x0000000082c00000, 0x0000000082c00000|100%| O|  |TAMS 0x0000000082c00000, 0x0000000082b00000| Untracked 
|   6|0x0000000082c00000, 0x0000000082d00000, 0x0000000082d00000|100%| O|  |TAMS 0x0000000082d00000, 0x0000000082c00000| Untracked 
|   7|0x0000000082d00000, 0x0000000082e00000, 0x0000000082e00000|100%| O|  |TAMS 0x0000000082e00000, 0x0000000082d00000| Untracked 
|   8|0x0000000082e00000, 0x0000000082f00000, 0x0000000082f00000|100%| O|  |TAMS 0x0000000082f00000, 0x0000000082e00000| Untracked 
|   9|0x0000000082f00000, 0x0000000083000000, 0x0000000083000000|100%| O|  |TAMS 0x0000000083000000, 0x0000000082f00000| Untracked 
|  10|0x0000000083000000, 0x0000000083100000, 0x0000000083100000|100%| O|  |TAMS 0x0000000083100000, 0x0000000083000000| Untracked 
|  11|0x0000000083100000, 0x0000000083200000, 0x0000000083200000|100%| O|  |TAMS 0x0000000083200000, 0x0000000083100000| Untracked 
|  12|0x0000000083200000, 0x0000000083300000, 0x0000000083300000|100%| O|  |TAMS 0x0000000083300000, 0x0000000083200000| Untracked 
|  13|0x0000000083300000, 0x0000000083400000, 0x0000000083400000|100%| O|  |TAMS 0x0000000083400000, 0x0000000083300000| Untracked 
|  14|0x0000000083400000, 0x0000000083500000, 0x0000000083500000|100%| O|  |TAMS 0x0000000083500000, 0x0000000083400000| Untracked 
|  15|0x0000000083500000, 0x0000000083600000, 0x0000000083600000|100%| O|  |TAMS 0x0000000083600000, 0x0000000083500000| Untracked 
|  16|0x0000000083600000, 0x0000000083700000, 0x0000000083700000|100%| O|  |TAMS 0x0000000083700000, 0x0000000083600000| Untracked 
|  17|0x0000000083700000, 0x0000000083800000, 0x0000000083800000|100%| O|  |TAMS 0x0000000083800000, 0x0000000083700000| Untracked 
|  18|0x0000000083800000, 0x0000000083900000, 0x0000000083900000|100%| O|  |TAMS 0x0000000083900000, 0x0000000083800000| Untracked 
|  19|0x0000000083900000, 0x0000000083a00000, 0x0000000083a00000|100%| O|  |TAMS 0x0000000083a00000, 0x0000000083900000| Untracked 
|  20|0x0000000083a00000, 0x0000000083b00000, 0x0000000083b00000|100%| O|  |TAMS 0x0000000083b00000, 0x0000000083a00000| Untracked 
|  21|0x0000000083b00000, 0x0000000083c00000, 0x0000000083c00000|100%| O|  |TAMS 0x0000000083c00000, 0x0000000083b00000| Untracked 
|  22|0x0000000083c00000, 0x0000000083d00000, 0x0000000083d00000|100%| O|  |TAMS 0x0000000083d00000, 0x0000000083c00000| Untracked 
|  23|0x0000000083d00000, 0x0000000083e00000, 0x0000000083e00000|100%| O|  |TAMS 0x0000000083e00000, 0x0000000083d00000| Untracked 
|  24|0x0000000083e00000, 0x0000000083f00000, 0x0000000083f00000|100%| O|  |TAMS 0x0000000083f00000, 0x0000000083e00000| Untracked 
|  25|0x0000000083f00000, 0x0000000084000000, 0x0000000084000000|100%| O|  |TAMS 0x0000000084000000, 0x0000000083f00000| Untracked 
|  26|0x0000000084000000, 0x0000000084100000, 0x0000000084100000|100%| O|  |TAMS 0x0000000084100000, 0x0000000084000000| Untracked 
|  27|0x0000000084100000, 0x0000000084200000, 0x0000000084200000|100%| O|  |TAMS 0x0000000084200000, 0x0000000084100000| Untracked 
|  28|0x0000000084200000, 0x0000000084300000, 0x0000000084300000|100%| O|  |TAMS 0x0000000084300000, 0x0000000084200000| Untracked 
|  29|0x0000000084300000, 0x0000000084400000, 0x0000000084400000|100%| O|  |TAMS 0x0000000084400000, 0x0000000084300000| Untracked 
|  30|0x0000000084400000, 0x0000000084500000, 0x0000000084500000|100%| O|  |TAMS 0x0000000084500000, 0x0000000084400000| Untracked 
|  31|0x0000000084500000, 0x0000000084600000, 0x0000000084600000|100%| O|  |TAMS 0x0000000084600000, 0x0000000084500000| Untracked 
|  32|0x0000000084600000, 0x0000000084700000, 0x0000000084700000|100%| O|  |TAMS 0x0000000084700000, 0x0000000084600000| Untracked 
|  33|0x0000000084700000, 0x0000000084800000, 0x0000000084800000|100%| O|  |TAMS 0x0000000084800000, 0x0000000084700000| Untracked 
|  34|0x0000000084800000, 0x0000000084900000, 0x0000000084900000|100%| O|  |TAMS 0x0000000084900000, 0x0000000084800000| Untracked 
|  35|0x0000000084900000, 0x0000000084a00000, 0x0000000084a00000|100%| O|  |TAMS 0x0000000084a00000, 0x0000000084900000| Untracked 
|  36|0x0000000084a00000, 0x0000000084b00000, 0x0000000084b00000|100%| O|  |TAMS 0x0000000084b00000, 0x0000000084a00000| Untracked 
|  37|0x0000000084b00000, 0x0000000084c00000, 0x0000000084c00000|100%| O|  |TAMS 0x0000000084c00000, 0x0000000084b00000| Untracked 
|  38|0x0000000084c00000, 0x0000000084d00000, 0x0000000084d00000|100%| O|  |TAMS 0x0000000084d00000, 0x0000000084c00000| Untracked 
|  39|0x0000000084d00000, 0x0000000084e00000, 0x0000000084e00000|100%| O|  |TAMS 0x0000000084e00000, 0x0000000084d00000| Untracked 
|  40|0x0000000084e00000, 0x0000000084f00000, 0x0000000084f00000|100%| O|  |TAMS 0x0000000084f00000, 0x0000000084e00000| Untracked 
|  41|0x0000000084f00000, 0x0000000085000000, 0x0000000085000000|100%| O|  |TAMS 0x0000000085000000, 0x0000000084f00000| Untracked 
|  42|0x0000000085000000, 0x0000000085100000, 0x0000000085100000|100%| O|  |TAMS 0x0000000085100000, 0x0000000085000000| Untracked 
|  43|0x0000000085100000, 0x0000000085200000, 0x0000000085200000|100%| O|  |TAMS 0x0000000085200000, 0x0000000085100000| Untracked 
|  44|0x0000000085200000, 0x0000000085300000, 0x0000000085300000|100%| O|  |TAMS 0x0000000085300000, 0x0000000085200000| Untracked 
|  45|0x0000000085300000, 0x0000000085400000, 0x0000000085400000|100%| O|  |TAMS 0x0000000085400000, 0x0000000085300000| Untracked 
|  46|0x0000000085400000, 0x0000000085500000, 0x0000000085500000|100%| O|  |TAMS 0x0000000085500000, 0x0000000085400000| Untracked 
|  47|0x0000000085500000, 0x0000000085600000, 0x0000000085600000|100%| O|  |TAMS 0x0000000085600000, 0x0000000085500000| Untracked 
|  48|0x0000000085600000, 0x0000000085700000, 0x0000000085700000|100%| O|  |TAMS 0x0000000085700000, 0x0000000085600000| Untracked 
|  49|0x0000000085700000, 0x0000000085800000, 0x0000000085800000|100%| O|  |TAMS 0x0000000085800000, 0x0000000085700000| Untracked 
|  50|0x0000000085800000, 0x0000000085900000, 0x0000000085900000|100%| O|  |TAMS 0x0000000085900000, 0x0000000085800000| Untracked 
|  51|0x0000000085900000, 0x0000000085a00000, 0x0000000085a00000|100%| O|  |TAMS 0x0000000085a00000, 0x0000000085900000| Untracked 
|  52|0x0000000085a00000, 0x0000000085b00000, 0x0000000085b00000|100%| O|  |TAMS 0x0000000085b00000, 0x0000000085a00000| Untracked 
|  53|0x0000000085b00000, 0x0000000085c00000, 0x0000000085c00000|100%| O|  |TAMS 0x0000000085c00000, 0x0000000085b00000| Untracked 
|  54|0x0000000085c00000, 0x0000000085d00000, 0x0000000085d00000|100%| O|  |TAMS 0x0000000085d00000, 0x0000000085c00000| Untracked 
|  55|0x0000000085d00000, 0x0000000085e00000, 0x0000000085e00000|100%| O|  |TAMS 0x0000000085e00000, 0x0000000085d00000| Untracked 
|  56|0x0000000085e00000, 0x0000000085f00000, 0x0000000085f00000|100%| O|  |TAMS 0x0000000085f00000, 0x0000000085e00000| Untracked 
|  57|0x0000000085f00000, 0x0000000086000000, 0x0000000086000000|100%| O|  |TAMS 0x0000000086000000, 0x0000000085f00000| Untracked 
|  58|0x0000000086000000, 0x0000000086100000, 0x0000000086100000|100%| O|  |TAMS 0x0000000086100000, 0x0000000086000000| Untracked 
|  59|0x0000000086100000, 0x0000000086200000, 0x0000000086200000|100%| O|  |TAMS 0x0000000086200000, 0x0000000086100000| Untracked 
|  60|0x0000000086200000, 0x0000000086300000, 0x0000000086300000|100%| O|  |TAMS 0x0000000086300000, 0x0000000086200000| Untracked 
|  61|0x0000000086300000, 0x0000000086400000, 0x0000000086400000|100%| O|  |TAMS 0x0000000086400000, 0x0000000086300000| Untracked 
|  62|0x0000000086400000, 0x0000000086500000, 0x0000000086500000|100%| O|  |TAMS 0x0000000086500000, 0x0000000086400000| Untracked 
|  63|0x0000000086500000, 0x0000000086600000, 0x0000000086600000|100%| O|  |TAMS 0x0000000086600000, 0x0000000086500000| Untracked 
|  64|0x0000000086600000, 0x0000000086700000, 0x0000000086700000|100%| O|  |TAMS 0x0000000086700000, 0x0000000086600000| Untracked 
|  65|0x0000000086700000, 0x0000000086800000, 0x0000000086800000|100%| O|  |TAMS 0x0000000086800000, 0x0000000086700000| Untracked 
|  66|0x0000000086800000, 0x0000000086900000, 0x0000000086900000|100%| O|  |TAMS 0x0000000086900000, 0x0000000086800000| Untracked 
|  67|0x0000000086900000, 0x0000000086a00000, 0x0000000086a00000|100%| O|  |TAMS 0x0000000086a00000, 0x0000000086900000| Untracked 
|  68|0x0000000086a00000, 0x0000000086b00000, 0x0000000086b00000|100%| O|  |TAMS 0x0000000086b00000, 0x0000000086a00000| Untracked 
|  69|0x0000000086b00000, 0x0000000086c00000, 0x0000000086c00000|100%| O|  |TAMS 0x0000000086c00000, 0x0000000086b00000| Untracked 
|  70|0x0000000086c00000, 0x0000000086d00000, 0x0000000086d00000|100%| O|  |TAMS 0x0000000086d00000, 0x0000000086c00000| Untracked 
|  71|0x0000000086d00000, 0x0000000086e00000, 0x0000000086e00000|100%| O|  |TAMS 0x0000000086e00000, 0x0000000086d00000| Untracked 
|  72|0x0000000086e00000, 0x0000000086f00000, 0x0000000086f00000|100%| O|  |TAMS 0x0000000086f00000, 0x0000000086e00000| Untracked 
|  73|0x0000000086f00000, 0x0000000087000000, 0x0000000087000000|100%| O|  |TAMS 0x0000000087000000, 0x0000000086f00000| Untracked 
|  74|0x0000000087000000, 0x0000000087100000, 0x0000000087100000|100%| O|  |TAMS 0x0000000087100000, 0x0000000087000000| Untracked 
|  75|0x0000000087100000, 0x0000000087200000, 0x0000000087200000|100%| O|  |TAMS 0x0000000087200000, 0x0000000087100000| Untracked 
|  76|0x0000000087200000, 0x0000000087300000, 0x0000000087300000|100%| O|  |TAMS 0x0000000087200000, 0x0000000087200000| Untracked 
|  77|0x0000000087300000, 0x0000000087400000, 0x0000000087400000|100%| O|  |TAMS 0x0000000087300000, 0x0000000087300000| Untracked 
|  78|0x0000000087400000, 0x0000000087500000, 0x0000000087500000|100%| O|  |TAMS 0x0000000087400000, 0x0000000087400000| Untracked 
|  79|0x0000000087500000, 0x0000000087600000, 0x0000000087600000|100%| O|  |TAMS 0x0000000087500000, 0x0000000087500000| Untracked 
|  80|0x0000000087600000, 0x0000000087700000, 0x0000000087700000|100%| O|  |TAMS 0x0000000087600000, 0x0000000087600000| Untracked 
|  81|0x0000000087700000, 0x0000000087800000, 0x0000000087800000|100%| O|  |TAMS 0x0000000087700000, 0x0000000087700000| Untracked 
|  82|0x0000000087800000, 0x0000000087900000, 0x0000000087900000|100%| O|  |TAMS 0x0000000087800000, 0x0000000087800000| Untracked 
|  83|0x0000000087900000, 0x0000000087a00000, 0x0000000087a00000|100%| O|  |TAMS 0x0000000087900000, 0x0000000087900000| Untracked 
|  84|0x0000000087a00000, 0x0000000087b00000, 0x0000000087b00000|100%| O|  |TAMS 0x0000000087a00000, 0x0000000087a00000| Untracked 
|  85|0x0000000087b00000, 0x0000000087c00000, 0x0000000087c00000|100%| O|  |TAMS 0x0000000087b00000, 0x0000000087b00000| Untracked 
|  86|0x0000000087c00000, 0x0000000087d00000, 0x0000000087d00000|100%| O|  |TAMS 0x0000000087c00000, 0x0000000087c00000| Untracked 
|  87|0x0000000087d00000, 0x0000000087e00000, 0x0000000087e00000|100%| O|  |TAMS 0x0000000087d00000, 0x0000000087d00000| Untracked 
|  88|0x0000000087e00000, 0x0000000087f00000, 0x0000000087f00000|100%| O|  |TAMS 0x0000000087e00000, 0x0000000087e00000| Untracked 
|  89|0x0000000087f00000, 0x0000000088000000, 0x0000000088000000|100%| O|  |TAMS 0x0000000087f00000, 0x0000000087f00000| Untracked 
|  90|0x0000000088000000, 0x0000000088100000, 0x0000000088100000|100%| O|  |TAMS 0x0000000088000000, 0x0000000088000000| Untracked 
|  91|0x0000000088100000, 0x0000000088200000, 0x0000000088200000|100%| O|  |TAMS 0x0000000088100000, 0x0000000088100000| Untracked 
|  92|0x0000000088200000, 0x0000000088300000, 0x0000000088300000|100%| O|  |TAMS 0x0000000088200000, 0x0000000088200000| Untracked 
|  93|0x0000000088300000, 0x0000000088400000, 0x0000000088400000|100%| O|  |TAMS 0x0000000088300000, 0x0000000088300000| Untracked 
|  94|0x0000000088400000, 0x0000000088480000, 0x0000000088500000| 50%| O|  |TAMS 0x0000000088400000, 0x0000000088400000| Untracked 
|  95|0x0000000088500000, 0x0000000088500000, 0x0000000088600000|  0%| F|  |TAMS 0x0000000088500000, 0x0000000088500000| Untracked 
|  96|0x0000000088600000, 0x0000000088600000, 0x0000000088700000|  0%| F|  |TAMS 0x0000000088600000, 0x0000000088600000| Untracked 
|  97|0x0000000088700000, 0x0000000088700000, 0x0000000088800000|  0%| F|  |TAMS 0x0000000088700000, 0x0000000088700000| Untracked 
|  98|0x0000000088800000, 0x0000000088800000, 0x0000000088900000|  0%| F|  |TAMS 0x0000000088800000, 0x0000000088800000| Untracked 
|  99|0x0000000088900000, 0x0000000088900000, 0x0000000088a00000|  0%| F|  |TAMS 0x0000000088900000, 0x0000000088900000| Untracked 
| 100|0x0000000088a00000, 0x0000000088a00000, 0x0000000088b00000|  0%| F|  |TAMS 0x0000000088a00000, 0x0000000088a00000| Untracked 
| 101|0x0000000088b00000, 0x0000000088b00000, 0x0000000088c00000|  0%| F|  |TAMS 0x0000000088b00000, 0x0000000088b00000| Untracked 
| 102|0x0000000088c00000, 0x0000000088c00000, 0x0000000088d00000|  0%| F|  |TAMS 0x0000000088c00000, 0x0000000088c00000| Untracked 
| 103|0x0000000088d00000, 0x0000000088d00000, 0x0000000088e00000|  0%| F|  |TAMS 0x0000000088d00000, 0x0000000088d00000| Untracked 
| 104|0x0000000088e00000, 0x0000000088e00000, 0x0000000088f00000|  0%| F|  |TAMS 0x0000000088e00000, 0x0000000088e00000| Untracked 
| 105|0x0000000088f00000, 0x0000000088f00000, 0x0000000089000000|  0%| F|  |TAMS 0x0000000088f00000, 0x0000000088f00000| Untracked 
| 106|0x0000000089000000, 0x0000000089000000, 0x0000000089100000|  0%| F|  |TAMS 0x0000000089000000, 0x0000000089000000| Untracked 
| 107|0x0000000089100000, 0x0000000089100000, 0x0000000089200000|  0%| F|  |TAMS 0x0000000089100000, 0x0000000089100000| Untracked 
| 108|0x0000000089200000, 0x0000000089200000, 0x0000000089300000|  0%| F|  |TAMS 0x0000000089200000, 0x0000000089200000| Untracked 
| 109|0x0000000089300000, 0x0000000089300000, 0x0000000089400000|  0%| F|  |TAMS 0x0000000089300000, 0x0000000089300000| Untracked 
| 110|0x0000000089400000, 0x0000000089400000, 0x0000000089500000|  0%| F|  |TAMS 0x0000000089400000, 0x0000000089400000| Untracked 
| 111|0x0000000089500000, 0x0000000089500000, 0x0000000089600000|  0%| F|  |TAMS 0x0000000089500000, 0x0000000089500000| Untracked 
| 112|0x0000000089600000, 0x0000000089600000, 0x0000000089700000|  0%| F|  |TAMS 0x0000000089600000, 0x0000000089600000| Untracked 
| 113|0x0000000089700000, 0x0000000089700000, 0x0000000089800000|  0%| F|  |TAMS 0x0000000089700000, 0x0000000089700000| Untracked 
| 114|0x0000000089800000, 0x0000000089800000, 0x0000000089900000|  0%| F|  |TAMS 0x0000000089800000, 0x0000000089800000| Untracked 
| 115|0x0000000089900000, 0x0000000089900000, 0x0000000089a00000|  0%| F|  |TAMS 0x0000000089900000, 0x0000000089900000| Untracked 
| 116|0x0000000089a00000, 0x0000000089a00000, 0x0000000089b00000|  0%| F|  |TAMS 0x0000000089a00000, 0x0000000089a00000| Untracked 
| 117|0x0000000089b00000, 0x0000000089c00000, 0x0000000089c00000|100%| S|CS|TAMS 0x0000000089b00000, 0x0000000089b00000| Complete 
| 118|0x0000000089c00000, 0x0000000089d00000, 0x0000000089d00000|100%| S|CS|TAMS 0x0000000089c00000, 0x0000000089c00000| Complete 
| 119|0x0000000089d00000, 0x0000000089d00000, 0x0000000089e00000|  0%| F|  |TAMS 0x0000000089d00000, 0x0000000089d00000| Untracked 
| 120|0x0000000089e00000, 0x0000000089e00000, 0x0000000089f00000|  0%| F|  |TAMS 0x0000000089e00000, 0x0000000089e00000| Untracked 
| 121|0x0000000089f00000, 0x0000000089f00000, 0x000000008a000000|  0%| F|  |TAMS 0x0000000089f00000, 0x0000000089f00000| Untracked 
| 122|0x000000008a000000, 0x000000008a000000, 0x000000008a100000|  0%| F|  |TAMS 0x000000008a000000, 0x000000008a000000| Untracked 
| 123|0x000000008a100000, 0x000000008a100000, 0x000000008a200000|  0%| F|  |TAMS 0x000000008a100000, 0x000000008a100000| Untracked 
| 124|0x000000008a200000, 0x000000008a200000, 0x000000008a300000|  0%| F|  |TAMS 0x000000008a200000, 0x000000008a200000| Untracked 
| 125|0x000000008a300000, 0x000000008a300000, 0x000000008a400000|  0%| F|  |TAMS 0x000000008a300000, 0x000000008a300000| Untracked 
| 126|0x000000008a400000, 0x000000008a400000, 0x000000008a500000|  0%| F|  |TAMS 0x000000008a400000, 0x000000008a400000| Untracked 
| 127|0x000000008a500000, 0x000000008a500000, 0x000000008a600000|  0%| F|  |TAMS 0x000000008a500000, 0x000000008a500000| Untracked 
| 128|0x000000008a600000, 0x000000008a600000, 0x000000008a700000|  0%| F|  |TAMS 0x000000008a600000, 0x000000008a600000| Untracked 
| 129|0x000000008a700000, 0x000000008a700000, 0x000000008a800000|  0%| F|  |TAMS 0x000000008a700000, 0x000000008a700000| Untracked 
| 130|0x000000008a800000, 0x000000008a800000, 0x000000008a900000|  0%| F|  |TAMS 0x000000008a800000, 0x000000008a800000| Untracked 
| 131|0x000000008a900000, 0x000000008a900000, 0x000000008aa00000|  0%| F|  |TAMS 0x000000008a900000, 0x000000008a900000| Untracked 
| 132|0x000000008aa00000, 0x000000008aa00000, 0x000000008ab00000|  0%| F|  |TAMS 0x000000008aa00000, 0x000000008aa00000| Untracked 
| 133|0x000000008ab00000, 0x000000008ab00000, 0x000000008ac00000|  0%| F|  |TAMS 0x000000008ab00000, 0x000000008ab00000| Untracked 
| 134|0x000000008ac00000, 0x000000008ac00000, 0x000000008ad00000|  0%| F|  |TAMS 0x000000008ac00000, 0x000000008ac00000| Untracked 
| 135|0x000000008ad00000, 0x000000008ad00000, 0x000000008ae00000|  0%| F|  |TAMS 0x000000008ad00000, 0x000000008ad00000| Untracked 
| 136|0x000000008ae00000, 0x000000008ae00000, 0x000000008af00000|  0%| F|  |TAMS 0x000000008ae00000, 0x000000008ae00000| Untracked 
| 137|0x000000008af00000, 0x000000008af00000, 0x000000008b000000|  0%| F|  |TAMS 0x000000008af00000, 0x000000008af00000| Untracked 
| 138|0x000000008b000000, 0x000000008b000000, 0x000000008b100000|  0%| F|  |TAMS 0x000000008b000000, 0x000000008b000000| Untracked 
| 139|0x000000008b100000, 0x000000008b100000, 0x000000008b200000|  0%| F|  |TAMS 0x000000008b100000, 0x000000008b100000| Untracked 
| 140|0x000000008b200000, 0x000000008b200000, 0x000000008b300000|  0%| F|  |TAMS 0x000000008b200000, 0x000000008b200000| Untracked 
| 141|0x000000008b300000, 0x000000008b300000, 0x000000008b400000|  0%| F|  |TAMS 0x000000008b300000, 0x000000008b300000| Untracked 
| 142|0x000000008b400000, 0x000000008b400000, 0x000000008b500000|  0%| F|  |TAMS 0x000000008b400000, 0x000000008b400000| Untracked 
| 143|0x000000008b500000, 0x000000008b500000, 0x000000008b600000|  0%| F|  |TAMS 0x000000008b500000, 0x000000008b500000| Untracked 
| 144|0x000000008b600000, 0x000000008b600000, 0x000000008b700000|  0%| F|  |TAMS 0x000000008b600000, 0x000000008b600000| Untracked 
| 145|0x000000008b700000, 0x000000008b700000, 0x000000008b800000|  0%| F|  |TAMS 0x000000008b700000, 0x000000008b700000| Untracked 
| 146|0x000000008b800000, 0x000000008b800000, 0x000000008b900000|  0%| F|  |TAMS 0x000000008b800000, 0x000000008b800000| Untracked 
| 147|0x000000008b900000, 0x000000008b900000, 0x000000008ba00000|  0%| F|  |TAMS 0x000000008b900000, 0x000000008b900000| Untracked 
| 148|0x000000008ba00000, 0x000000008ba00000, 0x000000008bb00000|  0%| F|  |TAMS 0x000000008ba00000, 0x000000008ba00000| Untracked 
| 149|0x000000008bb00000, 0x000000008bb00000, 0x000000008bc00000|  0%| F|  |TAMS 0x000000008bb00000, 0x000000008bb00000| Untracked 
| 150|0x000000008bc00000, 0x000000008bc64648, 0x000000008bd00000| 39%| E|  |TAMS 0x000000008bc00000, 0x000000008bc00000| Complete 
| 151|0x000000008bd00000, 0x000000008be00000, 0x000000008be00000|100%| E|CS|TAMS 0x000000008bd00000, 0x000000008bd00000| Complete 

Card table byte_map: [0x000001f348690000,0x000001f348a80000] _byte_map_base: 0x000001f34827d000

Marking Bits (Prev, Next): (CMBitMap*) 0x000001f32ea4bdb0, (CMBitMap*) 0x000001f32ea4bd78
 Prev Bits: [0x000001f34ade0000, 0x000001f34cd48000)
 Next Bits: [0x000001f348e70000, 0x000001f34add8000)

Polling page: 0x000001f32eae0000

Metaspace:

Usage:
  Non-class:      9.28 MB capacity,     9.17 MB ( 99%) used,    99.45 KB (  1%) free+waste,    12.88 KB ( <1%) overhead. 
      Class:    974.00 KB capacity,   915.18 KB ( 94%) used,    53.51 KB (  5%) free+waste,     5.31 KB ( <1%) overhead. 
       Both:     10.23 MB capacity,    10.06 MB ( 98%) used,   152.96 KB (  1%) free+waste,    18.19 KB ( <1%) overhead. 

Virtual space:
  Non-class space:       10.00 MB reserved,       9.50 MB ( 95%) committed 
      Class space:        1.00 GB reserved,       1.00 MB ( <1%) committed 
             Both:        1.01 GB reserved,      10.50 MB (  1%) committed 

Chunk freelists:
   Non-Class:  36.00 KB
       Class:  18.00 KB
        Both:  54.00 KB

MaxMetaspaceSize: 17179869184.00 GB
CompressedClassSpaceSize: 1.00 GB

CodeHeap 'non-profiled nmethods': size=120000Kb used=349Kb max_used=349Kb free=119650Kb
 bounds [0x000001f340300000, 0x000001f340570000, 0x000001f347830000]
CodeHeap 'profiled nmethods': size=120000Kb used=1345Kb max_used=1345Kb free=118654Kb
 bounds [0x000001f338dd0000, 0x000001f339040000, 0x000001f340300000]
CodeHeap 'non-nmethods': size=5760Kb used=1157Kb max_used=1193Kb free=4602Kb
 bounds [0x000001f338830000, 0x000001f338aa0000, 0x000001f338dd0000]
 total_blobs=1543 nmethods=691 adapters=290
 compilation: enabled
              stopped_count=0, restarted_count=0
 full_count=0

Compilation events (20 events):
Event: 800.925 Thread 0x000001f3501ba800  700       3       org.eclipse.jdt.launching.internal.org.objectweb.asm.ClassReader::createLabel (21 bytes)
Event: 800.926 Thread 0x000001f3501ba800 nmethod 700 0x000001f338dd2410 code [0x000001f338dd2600, 0x000001f338dd2af8]
Event: 874.586 Thread 0x000001f3501ba800  701       3       org.eclipse.jdt.launching.internal.org.objectweb.asm.MethodWriter::visitTypeInsn (116 bytes)
Event: 874.586 Thread 0x000001f3501ba800 nmethod 701 0x000001f338dd4290 code [0x000001f338dd4480, 0x000001f338dd4950]
Event: 874.586 Thread 0x000001f3501ba800  702       3       org.eclipse.jdt.launching.internal.org.objectweb.asm.ClassReader::readCode (5089 bytes)
Event: 874.629 Thread 0x000001f3501ba800 nmethod 702 0x000001f338efc590 code [0x000001f338efdb40, 0x000001f338f11750]
Event: 939.137 Thread 0x000001f3501ba800  703       3       org.eclipse.jdt.launching.internal.org.objectweb.asm.ByteVector::enlarge (51 bytes)
Event: 939.138 Thread 0x000001f3501ba800 nmethod 703 0x000001f338dd0f10 code [0x000001f338dd10e0, 0x000001f338dd1450]
Event: 939.138 Thread 0x000001f3501ba800  704       3       org.eclipse.jdt.launching.internal.org.objectweb.asm.ByteVector::<init> (13 bytes)
Event: 939.138 Thread 0x000001f3501ba800 nmethod 704 0x000001f338dda290 code [0x000001f338dda440, 0x000001f338dda6f8]
Event: 2787.243 Thread 0x000001f3501ba800  705       1       org.eclipse.jdt.launching.internal.org.objectweb.asm.SymbolTable::getSource (5 bytes)
Event: 2787.244 Thread 0x000001f3501ba800 nmethod 705 0x000001f340357290 code [0x000001f340357440, 0x000001f340357558]
Event: 2787.244 Thread 0x000001f3501ba800  706       3       org.eclipse.jdt.launching.internal.org.objectweb.asm.Handler::getExceptionTableSize (10 bytes)
Event: 2787.244 Thread 0x000001f3501ba800 nmethod 706 0x000001f338ddad90 code [0x000001f338ddaf60, 0x000001f338ddb1b8]
Event: 2787.244 Thread 0x000001f3501ba800  707       1       org.eclipse.jdt.launching.internal.org.objectweb.asm.MethodWriter::hasAsmInstructions (5 bytes)
Event: 2787.244 Thread 0x000001f3501ba800 nmethod 707 0x000001f340357610 code [0x000001f3403577c0, 0x000001f3403578d8]
Event: 2871.672 Thread 0x000001f3501ba800  708       3       org.eclipse.jdt.launching.internal.org.objectweb.asm.MethodWriter::visitFrame (811 bytes)
Event: 2871.677 Thread 0x000001f3501ba800 nmethod 708 0x000001f338f1d010 code [0x000001f338f1d540, 0x000001f338f1f960]
Event: 3245.107 Thread 0x000001f3501ba800  709       3       org.eclipse.jdt.launching.internal.org.objectweb.asm.Label::put (83 bytes)
Event: 3245.108 Thread 0x000001f3501ba800 nmethod 709 0x000001f338f20990 code [0x000001f338f20bc0, 0x000001f338f21020]

GC Heap History (14 events):
Event: 4.266 GC heap before
{Heap before GC invocations=0 (full 0):
 garbage-first heap   total 129024K, used 23552K [0x0000000082600000, 0x0000000100000000)
  region size 1024K, 24 young (24576K), 0 survivors (0K)
 Metaspace       used 10097K, capacity 10282K, committed 10496K, reserved 1058816K
  class space    used 908K, capacity 974K, committed 1024K, reserved 1048576K
}
Event: 4.286 GC heap after
{Heap after GC invocations=1 (full 0):
 garbage-first heap   total 129024K, used 17371K [0x0000000082600000, 0x0000000100000000)
  region size 1024K, 3 young (3072K), 3 survivors (3072K)
 Metaspace       used 10097K, capacity 10282K, committed 10496K, reserved 1058816K
  class space    used 908K, capacity 974K, committed 1024K, reserved 1048576K
}
Event: 4.313 GC heap before
{Heap before GC invocations=1 (full 0):
 garbage-first heap   total 129024K, used 30683K [0x0000000082600000, 0x0000000100000000)
  region size 1024K, 16 young (16384K), 3 survivors (3072K)
 Metaspace       used 10098K, capacity 10282K, committed 10496K, reserved 1058816K
  class space    used 908K, capacity 974K, committed 1024K, reserved 1048576K
}
Event: 4.327 GC heap after
{Heap after GC invocations=2 (full 0):
 garbage-first heap   total 129024K, used 29628K [0x0000000082600000, 0x0000000100000000)
  region size 1024K, 2 young (2048K), 2 survivors (2048K)
 Metaspace       used 10098K, capacity 10282K, committed 10496K, reserved 1058816K
  class space    used 908K, capacity 974K, committed 1024K, reserved 1048576K
}
Event: 4.349 GC heap before
{Heap before GC invocations=2 (full 0):
 garbage-first heap   total 129024K, used 50108K [0x0000000082600000, 0x0000000100000000)
  region size 1024K, 22 young (22528K), 2 survivors (2048K)
 Metaspace       used 10098K, capacity 10282K, committed 10496K, reserved 1058816K
  class space    used 908K, capacity 974K, committed 1024K, reserved 1048576K
}
Event: 4.363 GC heap after
{Heap after GC invocations=3 (full 0):
 garbage-first heap   total 129024K, used 48640K [0x0000000082600000, 0x0000000100000000)
  region size 1024K, 3 young (3072K), 3 survivors (3072K)
 Metaspace       used 10098K, capacity 10282K, committed 10496K, reserved 1058816K
  class space    used 908K, capacity 974K, committed 1024K, reserved 1048576K
}
Event: 4.397 GC heap before
{Heap before GC invocations=3 (full 0):
 garbage-first heap   total 129024K, used 69120K [0x0000000082600000, 0x0000000100000000)
  region size 1024K, 23 young (23552K), 3 survivors (3072K)
 Metaspace       used 10098K, capacity 10282K, committed 10496K, reserved 1058816K
  class space    used 908K, capacity 974K, committed 1024K, reserved 1048576K
}
Event: 4.413 GC heap after
{Heap after GC invocations=4 (full 0):
 garbage-first heap   total 129024K, used 67584K [0x0000000082600000, 0x0000000100000000)
  region size 1024K, 3 young (3072K), 3 survivors (3072K)
 Metaspace       used 10098K, capacity 10282K, committed 10496K, reserved 1058816K
  class space    used 908K, capacity 974K, committed 1024K, reserved 1048576K
}
Event: 4.426 GC heap before
{Heap before GC invocations=4 (full 0):
 garbage-first heap   total 129024K, used 81920K [0x0000000082600000, 0x0000000100000000)
  region size 1024K, 17 young (17408K), 3 survivors (3072K)
 Metaspace       used 10098K, capacity 10282K, committed 10496K, reserved 1058816K
  class space    used 908K, capacity 974K, committed 1024K, reserved 1048576K
}
Event: 4.450 GC heap after
{Heap after GC invocations=5 (full 0):
 garbage-first heap   total 129024K, used 80896K [0x0000000082600000, 0x0000000100000000)
  region size 1024K, 3 young (3072K), 3 survivors (3072K)
 Metaspace       used 10098K, capacity 10282K, committed 10496K, reserved 1058816K
  class space    used 908K, capacity 974K, committed 1024K, reserved 1048576K
}
Event: 4.468 GC heap before
{Heap before GC invocations=5 (full 0):
 garbage-first heap   total 129024K, used 92160K [0x0000000082600000, 0x0000000100000000)
  region size 1024K, 14 young (14336K), 3 survivors (3072K)
 Metaspace       used 10098K, capacity 10282K, committed 10496K, reserved 1058816K
  class space    used 908K, capacity 974K, committed 1024K, reserved 1048576K
}
Event: 4.479 GC heap after
{Heap after GC invocations=6 (full 0):
 garbage-first heap   total 129024K, used 91648K [0x0000000082600000, 0x0000000100000000)
  region size 1024K, 2 young (2048K), 2 survivors (2048K)
 Metaspace       used 10098K, capacity 10282K, committed 10496K, reserved 1058816K
  class space    used 908K, capacity 974K, committed 1024K, reserved 1048576K
}
Event: 4.499 GC heap before
{Heap before GC invocations=6 (full 0):
 garbage-first heap   total 129024K, used 98816K [0x0000000082600000, 0x0000000100000000)
  region size 1024K, 9 young (9216K), 2 survivors (2048K)
 Metaspace       used 10098K, capacity 10282K, committed 10496K, reserved 1058816K
  class space    used 908K, capacity 974K, committed 1024K, reserved 1048576K
}
Event: 4.507 GC heap after
{Heap after GC invocations=7 (full 0):
 garbage-first heap   total 155648K, used 98816K [0x0000000082600000, 0x0000000100000000)
  region size 1024K, 2 young (2048K), 2 survivors (2048K)
 Metaspace       used 10098K, capacity 10282K, committed 10496K, reserved 1058816K
  class space    used 908K, capacity 974K, committed 1024K, reserved 1048576K
}

Deoptimization events (20 events):
Event: 360.407 Thread 0x000001f32ea0d800 DEOPT PACKING pc=0x000001f338edef8c sp=0x000000b3e5e0b460
Event: 360.407 Thread 0x000001f32ea0d800 DEOPT UNPACKING pc=0x000001f33886d44e sp=0x000000b3e5e0a918 mode 0
Event: 360.421 Thread 0x000001f32ea0d800 DEOPT PACKING pc=0x000001f338ede8cc sp=0x000000b3e5e0b500
Event: 360.421 Thread 0x000001f32ea0d800 DEOPT UNPACKING pc=0x000001f33886d44e sp=0x000000b3e5e0a990 mode 0
Event: 360.434 Thread 0x000001f32ea0d800 DEOPT PACKING pc=0x000001f338edd65c sp=0x000000b3e5e0b550
Event: 360.434 Thread 0x000001f32ea0d800 DEOPT UNPACKING pc=0x000001f33886d44e sp=0x000000b3e5e0a9e0 mode 0
Event: 360.447 Thread 0x000001f32ea0d800 DEOPT PACKING pc=0x000001f338ed609c sp=0x000000b3e5e0b5b0
Event: 360.447 Thread 0x000001f32ea0d800 DEOPT UNPACKING pc=0x000001f33886d44e sp=0x000000b3e5e0ab20 mode 0
Event: 360.482 Thread 0x000001f32ea0d800 DEOPT PACKING pc=0x000001f338ecefac sp=0x000000b3e5e0b7e0
Event: 360.482 Thread 0x000001f32ea0d800 DEOPT UNPACKING pc=0x000001f33886d44e sp=0x000000b3e5e0ad20 mode 0
Event: 360.494 Thread 0x000001f32ea0d800 DEOPT PACKING pc=0x000001f338ed4c6c sp=0x000000b3e5e0b8e0
Event: 360.494 Thread 0x000001f32ea0d800 DEOPT UNPACKING pc=0x000001f33886d44e sp=0x000000b3e5e0ada0 mode 0
Event: 360.517 Thread 0x000001f32ea0d800 DEOPT PACKING pc=0x000001f338ed4f84 sp=0x000000b3e5e0b9d0
Event: 360.517 Thread 0x000001f32ea0d800 DEOPT UNPACKING pc=0x000001f33886d44e sp=0x000000b3e5e0ae98 mode 0
Event: 874.522 Thread 0x000001f32ea0d800 DEOPT PACKING pc=0x000001f338ed4f84 sp=0x000000b3e5e0bac0
Event: 874.522 Thread 0x000001f32ea0d800 DEOPT UNPACKING pc=0x000001f33886d44e sp=0x000000b3e5e0af88 mode 0
Event: 2787.193 Thread 0x000001f32ea0d800 DEOPT PACKING pc=0x000001f338ed4f84 sp=0x000000b3e5e0bbb0
Event: 2787.193 Thread 0x000001f32ea0d800 DEOPT UNPACKING pc=0x000001f33886d44e sp=0x000000b3e5e0b078 mode 0
Event: 3245.053 Thread 0x000001f32ea0d800 DEOPT PACKING pc=0x000001f338ed4f84 sp=0x000000b3e5e0bca0
Event: 3245.053 Thread 0x000001f32ea0d800 DEOPT UNPACKING pc=0x000001f33886d44e sp=0x000000b3e5e0b168 mode 0

Classes redefined (4 events):
Event: 360.623 Thread 0x000001f34f81b800 redefined class name=Com.adressbook.AddressBookManager, count=1
Event: 397.971 Thread 0x000001f34f81b800 redefined class name=Com.adressbook.AddressBookManager, count=2
Event: 430.291 Thread 0x000001f34f81b800 redefined class name=Com.adressbook.AddressBookManager, count=3
Event: 460.310 Thread 0x000001f34f81b800 redefined class name=Com.adressbook.AddressBookManager, count=4

Internal exceptions (3 events):
Event: 0.377 Thread 0x000001f32ea0d800 Exception <a 'java/lang/NoSuchMethodError'{0x000000008a285a80}: 'int java.lang.invoke.DirectMethodHandle$Holder.invokeSpecialIFC(java.lang.Object, java.lang.Object, int)'> (0x000000008a285a80) thrown at [c:/cygwin64/tmp/build/source/java-11-openjdk/tmp/jd
Event: 4.494 Thread 0x000001f32ea0d800 StackOverflowError at 0x000001f340329660
Event: 360.356 Thread 0x000001f32ea0d800 Exception <a 'java/lang/StackOverflowError'{0x0000000089c03e20}> (0x0000000089c03e20) thrown at [c:/cygwin64/tmp/build/source/java-11-openjdk/tmp/jdk11u/src/hotspot/share/runtime/sharedRuntime.cpp, line 584]

Events (20 events):
Event: 3245.054 Executing VM operation: ChangeSingleStep done
Event: 3245.054 Executing VM operation: GetFrameCount
Event: 3245.067 Executing VM operation: GetFrameCount done
Event: 3245.067 Executing VM operation: GetStackTrace
Event: 3245.079 Executing VM operation: GetStackTrace done
Event: 3246.865 Executing VM operation: GetCurrentContendedMonitor
Event: 3246.865 Executing VM operation: GetCurrentContendedMonitor done
Event: 3246.866 Executing VM operation: GetOwnedMonitorInfo
Event: 3246.920 Executing VM operation: GetOwnedMonitorInfo done
Event: 3247.050 Executing VM operation: GetCurrentContendedMonitor
Event: 3247.051 Executing VM operation: GetCurrentContendedMonitor done
Event: 3247.051 Executing VM operation: GetOwnedMonitorInfo
Event: 3247.066 Executing VM operation: GetOwnedMonitorInfo done
Event: 3257.654 Executing VM operation: GetCurrentContendedMonitor
Event: 3257.655 Executing VM operation: GetCurrentContendedMonitor done
Event: 3257.656 Executing VM operation: GetOwnedMonitorInfo
Event: 3257.714 Executing VM operation: GetOwnedMonitorInfo done
Event: 3261.160 Executing VM operation: GetCurrentContendedMonitor
Event: 3261.162 Executing VM operation: GetCurrentContendedMonitor done
Event: 3261.162 Executing VM operation: GetOwnedMonitorInfo


Dynamic libraries:
0x00007ff6671c0000 - 0x00007ff6671ce000 	C:\Program Files\OpenJDK\openjdk-11.0.6_10\bin\javaw.exe
0x00007ffae66f0000 - 0x00007ffae68dd000 	C:\Windows\SYSTEM32\ntdll.dll
0x00007ffae4570000 - 0x00007ffae4623000 	C:\Windows\System32\KERNEL32.DLL
0x00007ffae2b00000 - 0x00007ffae2d95000 	C:\Windows\System32\KERNELBASE.dll
0x00007ffae2a00000 - 0x00007ffae2afa000 	C:\Windows\System32\ucrtbase.dll
0x00007ffae0480000 - 0x00007ffae0496000 	C:\Program Files\OpenJDK\openjdk-11.0.6_10\bin\VCRUNTIME140.dll
0x00007ffad91e0000 - 0x00007ffad91f8000 	C:\Program Files\OpenJDK\openjdk-11.0.6_10\bin\jli.dll
0x00007ffae4370000 - 0x00007ffae4507000 	C:\Windows\System32\USER32.dll
0x00007ffabfe50000 - 0x00007ffac00c9000 	C:\Windows\WinSxS\amd64_microsoft.windows.common-controls_6595b64144ccf1df_6.0.17763.1217_none_de6e4304534e0ad3\COMCTL32.dll
0x00007ffae2e20000 - 0x00007ffae2e40000 	C:\Windows\System32\win32u.dll
0x00007ffae4280000 - 0x00007ffae431e000 	C:\Windows\System32\msvcrt.dll
0x00007ffae4340000 - 0x00007ffae4369000 	C:\Windows\System32\GDI32.dll
0x00007ffae2e40000 - 0x00007ffae2fd9000 	C:\Windows\System32\gdi32full.dll
0x00007ffae4e20000 - 0x00007ffae514c000 	C:\Windows\System32\combase.dll
0x00007ffae28b0000 - 0x00007ffae2950000 	C:\Windows\System32\msvcp_win.dll
0x00007ffae4150000 - 0x00007ffae4272000 	C:\Windows\System32\RPCRT4.dll
0x00007ffae2830000 - 0x00007ffae28ae000 	C:\Windows\System32\bcryptPrimitives.dll
0x00007ffae3910000 - 0x00007ffae393e000 	C:\Windows\System32\IMM32.DLL
0x00007ffaabd60000 - 0x00007ffaabe0a000 	C:\Program Files\OpenJDK\openjdk-11.0.6_10\bin\msvcp140.dll
0x00007ffa8bda0000 - 0x00007ffa8c8d5000 	C:\Program Files\OpenJDK\openjdk-11.0.6_10\bin\server\jvm.dll
0x00007ffae3940000 - 0x00007ffae39e3000 	C:\Windows\System32\ADVAPI32.dll
0x00007ffae3c60000 - 0x00007ffae3cfe000 	C:\Windows\System32\sechost.dll
0x00007ffae4330000 - 0x00007ffae4338000 	C:\Windows\System32\PSAPI.DLL
0x00007ffad3b70000 - 0x00007ffad3b79000 	C:\Windows\SYSTEM32\WSOCK32.dll
0x00007ffae0100000 - 0x00007ffae0124000 	C:\Windows\SYSTEM32\WINMM.dll
0x00007ffad8f40000 - 0x00007ffad8f4a000 	C:\Windows\SYSTEM32\VERSION.dll
0x00007ffae40e0000 - 0x00007ffae414d000 	C:\Windows\System32\WS2_32.dll
0x00007ffae00d0000 - 0x00007ffae00fd000 	C:\Windows\SYSTEM32\WINMMBASE.dll
0x00007ffae27e0000 - 0x00007ffae282a000 	C:\Windows\System32\cfgmgr32.dll
0x00007ffae26e0000 - 0x00007ffae26f1000 	C:\Windows\System32\kernel.appcore.dll
0x00007ffad12d0000 - 0x00007ffad12e1000 	C:\Program Files\OpenJDK\openjdk-11.0.6_10\bin\verify.dll
0x00007ffad2f30000 - 0x00007ffad311d000 	C:\Windows\SYSTEM32\DBGHELP.DLL
0x00007ffad2ea0000 - 0x00007ffad2eca000 	C:\Windows\SYSTEM32\dbgcore.DLL
0x00007ffab4270000 - 0x00007ffab4298000 	C:\Program Files\OpenJDK\openjdk-11.0.6_10\bin\java.dll
0x00007ffaabd20000 - 0x00007ffaabd58000 	C:\Program Files\OpenJDK\openjdk-11.0.6_10\bin\jdwp.dll
0x00007ffae0440000 - 0x00007ffae044e000 	C:\Program Files\OpenJDK\openjdk-11.0.6_10\bin\instrument.dll
0x00007ffab4250000 - 0x00007ffab4267000 	C:\Program Files\OpenJDK\openjdk-11.0.6_10\bin\zip.dll
0x00007ffad2c70000 - 0x00007ffad2c7a000 	C:\Program Files\OpenJDK\openjdk-11.0.6_10\bin\jimage.dll
0x00007ffae51c0000 - 0x00007ffae66b4000 	C:\Windows\System32\SHELL32.dll
0x00007ffae3ad0000 - 0x00007ffae3b78000 	C:\Windows\System32\shcore.dll
0x00007ffae2fe0000 - 0x00007ffae372e000 	C:\Windows\System32\windows.storage.dll
0x00007ffae2720000 - 0x00007ffae2744000 	C:\Windows\System32\profapi.dll
0x00007ffae2750000 - 0x00007ffae27ad000 	C:\Windows\System32\powrprof.dll
0x00007ffae4510000 - 0x00007ffae4562000 	C:\Windows\System32\shlwapi.dll
0x00007ffae2e00000 - 0x00007ffae2e17000 	C:\Windows\System32\cryptsp.dll
0x00007ffaae4c0000 - 0x00007ffaae4d9000 	C:\Program Files\OpenJDK\openjdk-11.0.6_10\bin\net.dll
0x00007ffad8050000 - 0x00007ffad8142000 	C:\Windows\SYSTEM32\WINHTTP.dll
0x00007ffae1f50000 - 0x00007ffae1fb7000 	C:\Windows\system32\mswsock.dll
0x00007ffaae790000 - 0x00007ffaae7a3000 	C:\Program Files\OpenJDK\openjdk-11.0.6_10\bin\nio.dll
0x00007ffade1c0000 - 0x00007ffade1ca000 	C:\Program Files\OpenJDK\openjdk-11.0.6_10\bin\dt_socket.dll
0x00007ffae1cb0000 - 0x00007ffae1d77000 	C:\Windows\SYSTEM32\DNSAPI.dll
0x00007ffae5150000 - 0x00007ffae5158000 	C:\Windows\System32\NSI.dll
0x00007ffae1c70000 - 0x00007ffae1cad000 	C:\Windows\SYSTEM32\IPHLPAPI.DLL
0x0000000065540000 - 0x0000000065566000 	C:\Program Files\Bonjour\mdnsNSP.dll
0x0000000065510000 - 0x000000006553e000 	C:\Program Files\Common Files\Microsoft Shared\Windows Live\WLIDNSP.DLL
0x00007ffad8f50000 - 0x00007ffad8fc9000 	C:\Windows\System32\fwpuclnt.dll
0x00007ffae27b0000 - 0x00007ffae27d6000 	C:\Windows\System32\bcrypt.dll
0x00007ffad7b20000 - 0x00007ffad7b2a000 	C:\Windows\System32\rasadhlp.dll

dbghelp: loaded successfully - version: 4.0.5 - missing functions: none
symbol engine: initialized successfully - sym options: 0x614 - pdb path: .;C:\Program Files\OpenJDK\openjdk-11.0.6_10\bin;C:\Windows\SYSTEM32;C:\Windows\WinSxS\amd64_microsoft.windows.common-controls_6595b64144ccf1df_6.0.17763.1217_none_de6e4304534e0ad3;C:\Program Files\OpenJDK\openjdk-11.0.6_10\bin\server;C:\Program Files\Bonjour;C:\Program Files\Common Files\Microsoft Shared\Windows Live

VM Arguments:
jvm_args: -agentlib:jdwp=transport=dt_socket,suspend=y,address=localhost:3197 -javaagent:C:\Users\Nitesh Kavathankar\eclipse\java-2020-03\eclipse\configuration\org.eclipse.osgi\223\0\.cp\lib\javaagent-shaded.jar -Dfile.encoding=UTF-8 --module-path=C:\Users\Nitesh Kavathankar\Desktop\json-simple-1.1.1.jar 
java_command: Com.adressbook.MainClass
java_class_path (initial): C:\Users\Nitesh Kavathankar\eclipse-workspace\Com.addressbook\bin
Launcher Type: SUN_STANDARD

[Global flags]
     intx CICompilerCount                          = 4                                         {product} {ergonomic}
     uint ConcGCThreads                            = 2                                         {product} {ergonomic}
     uint G1ConcRefinementThreads                  = 8                                         {product} {ergonomic}
   size_t G1HeapRegionSize                         = 1048576                                   {product} {ergonomic}
    uintx GCDrainStackTargetSize                   = 64                                        {product} {ergonomic}
   size_t InitialHeapSize                          = 132120576                                 {product} {ergonomic}
   size_t MarkStackSize                            = 4194304                                   {product} {ergonomic}
   size_t MaxHeapSize                              = 2107637760                                {product} {ergonomic}
   size_t MaxNewSize                               = 1264582656                                {product} {ergonomic}
   size_t MinHeapDeltaBytes                        = 1048576                                   {product} {ergonomic}
    uintx NonNMethodCodeHeapSize                   = 5836300                                {pd product} {ergonomic}
    uintx NonProfiledCodeHeapSize                  = 122910970                              {pd product} {ergonomic}
    uintx ProfiledCodeHeapSize                     = 122910970                              {pd product} {ergonomic}
    uintx ReservedCodeCacheSize                    = 251658240                              {pd product} {ergonomic}
     bool SegmentedCodeCache                       = true                                      {product} {ergonomic}
     bool UseCompressedClassPointers               = true                                 {lp64_product} {ergonomic}
     bool UseCompressedOops                        = true                                 {lp64_product} {ergonomic}
     bool UseG1GC                                  = true                                      {product} {ergonomic}
     bool UseLargePagesIndividualAllocation        = false                                  {pd product} {ergonomic}

Logging:
Log output configuration:
 #0: stdout all=warning uptime,level,tags
 #1: stderr all=off uptime,level,tags

Environment Variables:
JAVA_HOME=C:\Program Files\OpenJDK\openjdk-11.0.6_10
PATH=C:/Program Files/OpenJDK/openjdk-11.0.6_10/bin/server;C:/Program Files/OpenJDK/openjdk-11.0.6_10/bin;C:\Python38\Scripts\;C:\Python38\;C:\Program Files\Common Files\Microsoft Shared\Windows Live;C:\Windows\system32;C:\Windows;C:\Windows\System32\Wbem;C:\Windows\System32\WindowsPowerShell\v1.0\;C:\Windows\System32\OpenSSH\;C:\Program Files (x86)\Intel\Intel(R) Management Engine Components\DAL;C:\Program Files\Intel\Intel(R) Management Engine Components\DAL;C:\Program Files (x86)\NVIDIA Corporation\PhysX\Common;C:\Program Files\NVIDIA Corporation\NVIDIA NvDLISR;C:\Program Files\Microsoft SQL Server\Client SDK\ODBC\110\Tools\Binn\;C:\Program Files (x86)\Microsoft SQL Server\120\Tools\Binn\;C:\Program Files\Microsoft SQL Server\120\Tools\Binn\;C:\Program Files\Microsoft SQL Server\120\DTS\Binn\;C:\Program Files (x86)\Windows Kits\8.1\Windows Performance Toolkit\;C:\Program Files\Git\cmd;C:\ProgramData\chocolatey\bin;C:\Program Files\OpenJDK\openjdk-11.0.6_10\bin;C:\Program Files\nodejs\;C:\Users\Nitesh Kavathankar\AppData\Local\Programs\Python\Python38-32\Scripts\;C:\Users\Nitesh Kavathankar\AppData\Local\Programs\Python\Python38-32\;C:\Program Files\Common Files\Microsoft Shared\Windows Live;C:\Users\Nitesh Kavathankar\AppData\Local\Microsoft\WindowsApps;;C:\Program Files\JetBrains\PyCharm Community Edition 2019.2.4\bin;;C:\Program Files (x86)\Nmap;C:\Users\Nitesh Kavathankar\AppData\Roaming\npm;C:\Users\Nitesh Kavathankar\Desktop;
USERNAME=Nitesh Kavathankar
OS=Windows_NT
PROCESSOR_IDENTIFIER=Intel64 Family 6 Model 158 Stepping 10, GenuineIntel



---------------  S Y S T E M  ---------------

OS: Windows 10 , 64 bit Build 17763 (10.0.17763.1158)

CPU:total 8 (initial active 8) (4 cores per cpu, 2 threads per core) family 6 model 158 stepping 10, cmov, cx8, fxsr, mmx, sse, sse2, sse3, ssse3, sse4.1, sse4.2, popcnt, avx, avx2, aes, clmul, erms, 3dnowpref, lzcnt, ht, tsc, tscinvbit, bmi1, bmi2, adx, fma

Memory: 4k page, system-wide physical 8034M (1981M free)
TotalPageFile size 16226M (AvailPageFile size 9M)
current process WorkingSet (physical memory assigned to process): 61M, peak: 227M
current process commit charge ("private bytes"): 275M, peak: 305M

vm_info: OpenJDK 64-Bit Server VM (11.0.6+10) for windows-amd64 JRE (11.0.6+10), built on Jan  8 2020 14:10:43 by "" with MS VC++ 15.5 (VS2017)

END.
